app/build/outputs/logs/manifest-merger-debug-report.txt
-- Merging decision tree log ---
manifest
ADDED from src/main/AndroidManifest.xml:2:1-85:12
	package
		ADDED from src/main/AndroidManifest.xml:3:5-36
		INJECTED from src/main/AndroidManifest.xml
		INJECTED from src/main/AndroidManifest.xml
	android:versionName
		ADDED from src/main/AndroidManifest.xml:5:5-40
		INJECTED from src/main/AndroidManifest.xml
		INJECTED from src/main/AndroidManifest.xml
	android:versionCode
		ADDED from src/main/AndroidManifest.xml:4:5-28
		INJECTED from src/main/AndroidManifest.xml
		INJECTED from src/main/AndroidManifest.xml
	xmlns:android
		ADDED from src/main/AndroidManifest.xml:2:11-69
application
ADDED from src/main/AndroidManifest.xml:7:5-69:19
	android:label
		ADDED from src/main/AndroidManifest.xml:10:9-34
	android:icon
		ADDED from src/main/AndroidManifest.xml:8:9-43
	android:name
		ADDED from src/main/AndroidManifest.xml:9:9-33
activity#com.iflytek.voicedemo.MainActivity
ADDED from src/main/AndroidManifest.xml:11:9-22:20
	android:screenOrientation
		ADDED from src/main/AndroidManifest.xml:16:13-49
	android:label
		ADDED from src/main/AndroidManifest.xml:15:13-38
	android:configChanges
		ADDED from src/main/AndroidManifest.xml:13:13-133
	android:icon
		ADDED from src/main/AndroidManifest.xml:14:13-47
	android:name
		ADDED from src/main/AndroidManifest.xml:12:13-62
intent-filter#android.intent.action.MAIN+android.intent.category.LAUNCHER
ADDED from src/main/AndroidManifest.xml:17:13-21:29
action#android.intent.action.MAIN
ADDED from src/main/AndroidManifest.xml:18:17-69
	android:name
		ADDED from src/main/AndroidManifest.xml:18:25-66
category#android.intent.category.LAUNCHER
ADDED from src/main/AndroidManifest.xml:20:17-77
	android:name
		ADDED from src/main/AndroidManifest.xml:20:27-74
activity#com.iflytek.speech.setting.TtsSettings
ADDED from src/main/AndroidManifest.xml:23:9-24:20
	android:name
		ADDED from src/main/AndroidManifest.xml:23:19-72
activity#com.iflytek.speech.setting.IatSettings
ADDED from src/main/AndroidManifest.xml:25:9-27:20
	android:theme
		ADDED from src/main/AndroidManifest.xml:26:13-52
	android:name
		ADDED from src/main/AndroidManifest.xml:25:19-72
activity#com.iflytek.speech.setting.UnderstanderSettings
ADDED from src/main/AndroidManifest.xml:28:9-29:20
	android:name
		ADDED from src/main/AndroidManifest.xml:28:19-81
activity#com.iflytek.voicedemo.IatDemo
ADDED from src/main/AndroidManifest.xml:30:9-34:20
	android:screenOrientation
		ADDED from src/main/AndroidManifest.xml:33:13-49
	android:configChanges
		ADDED from src/main/AndroidManifest.xml:32:13-133
	android:name
		ADDED from src/main/AndroidManifest.xml:31:13-57
activity#com.iflytek.voicedemo.AsrDemo
ADDED from src/main/AndroidManifest.xml:35:9-39:20
	android:screenOrientation
		ADDED from src/main/AndroidManifest.xml:38:13-49
	android:configChanges
		ADDED from src/main/AndroidManifest.xml:37:13-133
	android:name
		ADDED from src/main/AndroidManifest.xml:36:13-57
activity#com.iflytek.voicedemo.UnderstanderDemo
ADDED from src/main/AndroidManifest.xml:40:9-44:20
	android:screenOrientation
		ADDED from src/main/AndroidManifest.xml:43:13-49
	android:configChanges
		ADDED from src/main/AndroidManifest.xml:42:13-133
	android:name
		ADDED from src/main/AndroidManifest.xml:41:13-66
activity#com.iflytek.voicedemo.TtsDemo
ADDED from src/main/AndroidManifest.xml:45:9-49:20
	android:screenOrientation
		ADDED from src/main/AndroidManifest.xml:48:13-49
	android:configChanges
		ADDED from src/main/AndroidManifest.xml:47:13-133
	android:name
		ADDED from src/main/AndroidManifest.xml:46:13-57
activity#com.iflytek.voicedemo.IseDemo
ADDED from src/main/AndroidManifest.xml:50:9-54:20
	android:screenOrientation
		ADDED from src/main/AndroidManifest.xml:53:13-49
	android:configChanges
		ADDED from src/main/AndroidManifest.xml:52:13-133
	android:name
		ADDED from src/main/AndroidManifest.xml:51:13-57
activity#com.iflytek.speech.setting.IseSettings
ADDED from src/main/AndroidManifest.xml:55:9-59:20
	android:screenOrientation
		ADDED from src/main/AndroidManifest.xml:58:13-49
	android:configChanges
		ADDED from src/main/AndroidManifest.xml:57:13-133
	android:name
		ADDED from src/main/AndroidManifest.xml:56:13-66
meta-data#IFLYTEK_APPKEY
ADDED from src/main/AndroidManifest.xml:61:9-63:42
	android:value
		ADDED from src/main/AndroidManifest.xml:63:13-29
	android:name
		ADDED from src/main/AndroidManifest.xml:62:13-42
meta-data#IFLYTEK_CHANNEL
ADDED from src/main/AndroidManifest.xml:64:9-66:44
	android:value
		ADDED from src/main/AndroidManifest.xml:66:13-41
	android:name
		ADDED from src/main/AndroidManifest.xml:65:13-43
uses-sdk
ADDED from src/main/AndroidManifest.xml:71:5-43
	android:targetSdkVersion
		INJECTED from src/main/AndroidManifest.xml
		INJECTED from src/main/AndroidManifest.xml
	android:minSdkVersion
		ADDED from src/main/AndroidManifest.xml:71:15-40
		INJECTED from src/main/AndroidManifest.xml
		INJECTED from src/main/AndroidManifest.xml
uses-permission#android.permission.RECORD_AUDIO
ADDED from src/main/AndroidManifest.xml:73:5-71
	android:name
		ADDED from src/main/AndroidManifest.xml:73:22-68
uses-permission#android.permission.INTERNET
ADDED from src/main/AndroidManifest.xml:74:5-67
	android:name
		ADDED from src/main/AndroidManifest.xml:74:22-64
uses-permission#android.permission.ACCESS_NETWORK_STATE
ADDED from src/main/AndroidManifest.xml:75:5-79
	android:name
		ADDED from src/main/AndroidManifest.xml:75:22-76
uses-permission#android.permission.ACCESS_WIFI_STATE
ADDED from src/main/AndroidManifest.xml:76:5-76
	android:name
		ADDED from src/main/AndroidManifest.xml:76:22-73
uses-permission#android.permission.CHANGE_NETWORK_STATE
ADDED from src/main/AndroidManifest.xml:77:5-79
	android:name
		ADDED from src/main/AndroidManifest.xml:77:22-76
uses-permission#android.permission.READ_PHONE_STATE
ADDED from src/main/AndroidManifest.xml:78:5-75
	android:name
		ADDED from src/main/AndroidManifest.xml:78:22-72
uses-permission#android.permission.ACCESS_FINE_LOCATION
ADDED from src/main/AndroidManifest.xml:79:5-79
	android:name
		ADDED from src/main/AndroidManifest.xml:79:22-76
uses-permission#android.permission.READ_CONTACTS
ADDED from src/main/AndroidManifest.xml:80:5-72
	android:name
		ADDED from src/main/AndroidManifest.xml:80:22-69
uses-permission#android.permission.WRITE_EXTERNAL_STORAGE
ADDED from src/main/AndroidManifest.xml:81:5-81
	android:name
		ADDED from src/main/AndroidManifest.xml:81:22-78
uses-permission#android.permission.WRITE_SETTINGS
ADDED from src/main/AndroidManifest.xml:82:2-70
	android:name
		ADDED from src/main/AndroidManifest.xml:82:19-67
uses-permission#android.permission.READ_EXTERNAL_STORAGE
ADDED from src/main/AndroidManifest.xml:83:2-77
	android:name
		ADDED from src/main/AndroidManifest.xml:83:19-74